<?xml version="1.0" encoding="UTF-8" ?>
<testsuite tests="1" failures="0" name="automation.jmeter_maven_jenkins.AppTest" time="0.003" errors="0" skipped="0">
  <properties>
    <property name="TestWriterClient" value="D:\wrok-tool\TestWriter\TW\Client\bin\TestWriter.exe"/>
    <property name="PROCESSOR_ARCHITECTURE" value="x86"/>
    <property name="file.encoding.pkg" value="sun.io"/>
    <property name="ProgramData" value="C:\ProgramData"/>
    <property name="java.home" value="C:\ProgramData\TestWriterEnvironment\Java\jdk1.8.0_25\jre"/>
    <property name="NODE_NAME" value="master"/>
    <property name="JENKINS_URL" value="http://localhost:8080/"/>
    <property name="CATALINA_HOME" value="D:\wrok_tool\Tomcate"/>
    <property name="ALLUSERSPROFILE" value="C:\ProgramData"/>
    <property name="java.endorsed.dirs" value="C:\ProgramData\TestWriterEnvironment\Java\jdk1.8.0_25\jre\lib\endorsed"/>
    <property name="PSModulePath" value="C:\Program Files (x86)\WindowsPowerShell\Modules;C:\Windows\system32\WindowsPowerShell\v1.0\Modules;D:\工具\AutoIt3\AutoItX"/>
    <property name="APPIUM_HOME" value="C:\ProgramData\TestWriterEnvironment\Appium"/>
    <property name="USERDOMAIN" value="WorkGroup"/>
    <property name="sun.os.patch.level" value=""/>
    <property name="java.vendor.url" value="http://java.oracle.com/"/>
    <property name="CURR_DIR" value="D:\wrok-tool\Loadrunner\dat\Setup\LoadRunner\MSBuild\..\..\..\.."/>
    <property name="CommonProgramFiles(x86)" value="C:\Program Files (x86)\Common Files"/>
    <property name="java.version" value="1.8.0_25"/>
    <property name="JOB_NAME" value="test"/>
    <property name="COMPUTERNAME" value="SC-201803070953"/>
    <property name="ANDROID_HOME" value="C:\ProgramData\TestWriterEnvironment\SDK"/>
    <property name="java.vendor.url.bug" value="http://bugreport.sun.com/bugreport/"/>
    <property name="PUBLIC" value="C:\Users\Public"/>
    <property name="user.name" value="SC-201803070953$"/>
    <property name="sun.io.unicode.encoding" value="UnicodeLittle"/>
    <property name="sun.jnu.encoding" value="GBK"/>
    <property name="java.runtime.name" value="Java(TM) SE Runtime Environment"/>
    <property name="windir" value="C:\Windows"/>
    <property name="PROCESSOR_IDENTIFIER" value="Intel64 Family 6 Model 58 Stepping 9, GenuineIntel"/>
    <property name="java.specification.name" value="Java Platform API Specification"/>
    <property name="LOCALAPPDATA" value="C:\Windows\system32\config\systemprofile\AppData\Local"/>
    <property name="RUN_CHANGES_DISPLAY_URL" value="http://localhost:8080/job/test/115/display/redirect?page=changes"/>
    <property name="user.timezone" value="Asia/Shanghai"/>
    <property name="PROCESSOR_ARCHITEW6432" value="AMD64"/>
    <property name="user.script" value=""/>
    <property name="path.separator" value=";"/>
    <property name="NUMBER_OF_PROCESSORS" value="4"/>
    <property name="BUILD_TAG" value="jenkins-test-115"/>
    <property name="TERM" value="dumb"/>
    <property name="file.encoding" value="GBK"/>
    <property name="sun.java.command" value="jenkins.maven3.agent.Maven35Main D:\wrok_tool\apache-maven-3.5.4 D:\wrok-tool\jenkins\war\WEB-INF\lib\remoting-3.25.jar D:\wrok-tool\jenkins\plugins\maven-plugin\WEB-INF\lib\maven35-interceptor-1.12-alpha-1.jar D:\wrok-tool\jenkins\plugins\maven-plugin\WEB-INF\lib\maven3-interceptor-commons-1.12-alpha-1.jar 59309"/>
    <property name="HUDSON_URL" value="http://localhost:8080/"/>
    <property name="JENKINS_SERVER_COOKIE" value="a119b52a64b1e084"/>
    <property name="EXECUTOR_NUMBER" value="1"/>
    <property name="Path" value="C:\ProgramData\TestWriterEnvironment\Java\jdk1.8.0_25/bin;C:\ProgramData\Oracle\Java\javapath;D:\wrok-tool\python\Scripts\;D:\wrok-tool\python\;C:\Windows\system32;C:\Windows;C:\Windows\System32\Wbem;C:\Windows\System32\WindowsPowerShell\v1.0\;C:\ProgramData\TestWriterEnvironment\Java\jdk1.8.0_25\bin;C:\ProgramData\TestWriterEnvironment\Java\jdk1.8.0_25\jre\bin;D:\wrok_tool\apache-maven-3.5.4\bin;D:\wrok_tool\Tomcate\bin;D:\wrok_tool\Tomcate\lib;C:\strawberry\c\bin;C:\strawberry\perl\bin;C:\Users\Administrator\AppData\Local\Programs\Python\Python36\Scripts;C:\ProgramData\TestWriterEnvironment\Appium\node_modules\.bin;D:\wrok-tool\androidSDK\build-tools\27.0.3\aapt;D:\wrok-tool\node\node-v6.9.4-win-x64;D:\Git\cmd;D:\wrok_tool\Tomcate\bin;C:\ProgramData\TestWriterEnvironment\Java\jdk1.8.0_25\bin;C:\ProgramData\TestWriterEnvironment\SDK;C:\ProgramData\TestWriterEnvironment\SDK\tools;C:\ProgramData\TestWriterEnvironment\SDK\platform-tools;C:\ProgramData\TestWriterEnvironment\Appium;C:\ProgramData\TestWriterEnvironment\Appium\node_modules\.bin;C:\ProgramData\TestWriterEnvironment\SDKbuild-tools\25.0.2\;C:\Program Files\MySQL\MySQL Server 8.0\bin;%JMETER_HOME\lib\ext\ApacheJMeter_core.jar;D:\wrok_tool\apache-jmeter-4.0\lib\jorphan.jar;C:\Windows\system32\config\systemprofile\AppData\Local\Microsoft\WindowsApps"/>
    <property name="WINSW_SERVICE_ID" value="Jenkins"/>
    <property name="GIT_COMMIT" value="cb38d16b8dd4400c63ad2be1325d3153a169459e"/>
    <property name="BASE" value="D:\wrok-tool\jenkins"/>
    <property name="java.io.tmpdir" value="C:\Windows\TEMP\"/>
    <property name="APPDATA" value="C:\Windows\system32\config\systemprofile\AppData\Roaming"/>
    <property name="user.language" value="zh"/>
    <property name="line.separator" value="
"/>
    <property name="BUILD_URL" value="http://localhost:8080/job/test/115/"/>
    <property name="M2_HOME" value="D:\wrok_tool\apache-maven-3.5.4"/>
    <property name="java.vm.info" value="mixed mode"/>
    <property name="sun.desktop" value="windows"/>
    <property name="java.vm.specification.name" value="Java Virtual Machine Specification"/>
    <property name="BUILD_DISPLAY_NAME" value="#115"/>
    <property name="OS" value="Windows_NT"/>
    <property name="guice.disable.misplaced.annotation.check" value="true"/>
    <property name="TARGETDIR" value="D:\wrok-tool\Loadrunner\dat\Setup\LoadRunner\MSBuild\..\..\..\.."/>
    <property name="HUDSON_SERVER_COOKIE" value="a119b52a64b1e084"/>
    <property name="MAVEN_HOME" value="D:\wrok_tool\apache-maven-3.5.4"/>
    <property name="PATHEXT" value=".COM;.EXE;.BAT;.CMD;.VBS;.VBE;.JS;.JSE;.WSF;.WSH;.MSC"/>
    <property name="java.awt.printerjob" value="sun.awt.windows.WPrinterJob"/>
    <property name="maven3.interceptor.common" value="D:\wrok-tool\jenkins\plugins\maven-plugin\WEB-INF\lib\maven3-interceptor-commons-1.12-alpha-1.jar"/>
    <property name="CLASSPATH" value=""/>
    <property name="EXTRACTPATH" value="D:\wrok-tool\Loadrunner\dat\Setup\LoadRunner\MSBuild\..\..\..\.."/>
    <property name="os.name" value="Windows 8.1"/>
    <property name="java.specification.vendor" value="Oracle Corporation"/>
    <property name="java.vm.name" value="Java HotSpot(TM) 64-Bit Server VM"/>
    <property name="BUILD_NUMBER" value="115"/>
    <property name="maven3.interceptor" value="D:\wrok-tool\jenkins\plugins\maven-plugin\WEB-INF\lib\maven35-interceptor-1.12-alpha-1.jar"/>
    <property name="java.library.path" value="C:\ProgramData\TestWriterEnvironment\Java\jdk1.8.0_25\bin;C:\Windows\Sun\Java\bin;C:\Windows\system32;C:\Windows;D:\wrok_tool\apache-maven-3.5.4/bin;C:\ProgramData\TestWriterEnvironment\Java\jdk1.8.0_25/bin;C:\ProgramData\TestWriterEnvironment\Java\jdk1.8.0_25/bin;C:\ProgramData\Oracle\Java\javapath;D:\wrok-tool\python\Scripts\;D:\wrok-tool\python\;C:\Windows\system32;C:\Windows;C:\Windows\System32\Wbem;C:\Windows\System32\WindowsPowerShell\v1.0\;C:\ProgramData\TestWriterEnvironment\Java\jdk1.8.0_25\bin;C:\ProgramData\TestWriterEnvironment\Java\jdk1.8.0_25\jre\bin;D:\wrok_tool\apache-maven-3.5.4\bin;D:\wrok_tool\Tomcate\bin;D:\wrok_tool\Tomcate\lib;C:\strawberry\c\bin;C:\strawberry\perl\bin;C:\Users\Administrator\AppData\Local\Programs\Python\Python36\Scripts;C:\ProgramData\TestWriterEnvironment\Appium\node_modules\.bin;D:\wrok-tool\androidSDK\build-tools\27.0.3\aapt;D:\wrok-tool\node\node-v6.9.4-win-x64;D:\Git\cmd;D:\wrok_tool\Tomcate\bin;C:\ProgramData\TestWriterEnvironment\Java\jdk1.8.0_25\bin;C:\ProgramData\TestWriterEnvironment\SDK;C:\ProgramData\TestWriterEnvironment\SDK\tools;C:\ProgramData\TestWriterEnvironment\SDK\platform-tools;C:\ProgramData\TestWriterEnvironment\Appium;C:\ProgramData\TestWriterEnvironment\Appium\node_modules\.bin;C:\ProgramData\TestWriterEnvironment\SDKbuild-tools\25.0.2\;C:\Program Files\MySQL\MySQL Server 8.0\bin;%JMETER_HOME\lib\ext\ApacheJMeter_core.jar;D:\wrok_tool\apache-jmeter-4.0\lib\jorphan.jar;C:\Windows\system32\config\systemprofile\AppData\Local\Microsoft\WindowsApps;."/>
    <property name="WINSW_EXECUTABLE" value="D:\wrok-tool\jenkins\jenkins.exe"/>
    <property name="POM_GROUPID" value="automation"/>
    <property name="POM_ARTIFACTID" value="jmeter-maven-jenkins"/>
    <property name="java.class.version" value="52.0"/>
    <property name="JOB_URL" value="http://localhost:8080/job/test/"/>
    <property name="GIT_HOME" value="D:\git"/>
    <property name="GIT_PREVIOUS_COMMIT" value="cb38d16b8dd4400c63ad2be1325d3153a169459e"/>
    <property name="GIT_BRANCH" value="origin/master"/>
    <property name="RUN_DISPLAY_URL" value="http://localhost:8080/job/test/115/display/redirect"/>
    <property name="FTP_PASSIVE" value="1"/>
    <property name="JENKINS_HOME" value="D:\wrok-tool\jenkins"/>
    <property name="BUILD_ID" value="115"/>
    <property name="TEMP" value="C:\Windows\TEMP"/>
    <property name="sun.boot.library.path" value="C:\ProgramData\TestWriterEnvironment\Java\jdk1.8.0_25\jre\bin"/>
    <property name="sun.management.compiler" value="HotSpot 64-Bit Tiered Compilers"/>
    <property name="java.awt.graphicsenv" value="sun.awt.Win32GraphicsEnvironment"/>
    <property name="user.variant" value=""/>
    <property name="PROCESSOR_REVISION" value="3a09"/>
    <property name="POM_VERSION" value="0.0.1-SNAPSHOT"/>
    <property name="HUDSON_HOME" value="D:\wrok-tool\jenkins"/>
    <property name="GIT_PREVIOUS_SUCCESSFUL_COMMIT" value="cb38d16b8dd4400c63ad2be1325d3153a169459e"/>
    <property name="ProgramFiles(x86)" value="C:\Program Files (x86)"/>
    <property name="PATH+MAVEN" value="D:\wrok_tool\apache-maven-3.5.4/bin"/>
    <property name="java.vm.specification.version" value="1.8"/>
    <property name="JAVA_HOME" value="C:\ProgramData\TestWriterEnvironment\Java\jdk1.8.0_25"/>
    <property name="awt.toolkit" value="sun.awt.windows.WToolkit"/>
    <property name="NODE_LABELS" value="master"/>
    <property name="sun.cpu.isalist" value="amd64"/>
    <property name="USERPROFILE" value="C:\Windows\system32\config\systemprofile"/>
    <property name="asl.log" value="Destination=file"/>
    <property name="JOB_DISPLAY_URL" value="http://localhost:8080/job/test/display/redirect"/>
    <property name="java.ext.dirs" value="C:\ProgramData\TestWriterEnvironment\Java\jdk1.8.0_25\jre\lib\ext;C:\Windows\Sun\Java\lib\ext"/>
    <property name="os.version" value="6.3"/>
    <property name="user.home" value="C:\Windows\system32\config\systemprofile"/>
    <property name="USERNAME" value="SC-201803070953$"/>
    <property name="java.vm.vendor" value="Oracle Corporation"/>
    <property name="PROCESSOR_LEVEL" value="6"/>
    <property name="CommonProgramW6432" value="C:\Program Files\Common Files"/>
    <property name="user.dir" value="D:\wrok_tool\eclipse-workspace\jmeter-maven-jenkins"/>
    <property name="maven.conf" value="D:\wrok_tool\apache-maven-3.5.4\conf"/>
    <property name="ProgramW6432" value="C:\Program Files"/>
    <property name="TMP" value="C:\Windows\TEMP"/>
    <property name="sun.cpu.endian" value="little"/>
    <property name="SystemDrive" value="C:"/>
    <property name="java.vm.version" value="25.25-b02"/>
    <property name="java.class.path" value="D:\wrok-tool\jenkins\plugins\maven-plugin\WEB-INF\lib\maven35-agent-1.12-alpha-1.jar;D:\wrok_tool\apache-maven-3.5.4\boot\plexus-classworlds-2.5.2.jar;D:\wrok_tool\apache-maven-3.5.4/conf/logging"/>
    <property name="org.slf4j.simpleLogger.defaultLogLevel" value="info"/>
    <property name="os.arch" value="amd64"/>
    <property name="WORKSPACE" value="D:\wrok-tool\jenkins\workspace\test"/>
    <property name="ComSpec" value="C:\Windows\system32\cmd.exe"/>
    <property name="sun.java.launcher" value="SUN_STANDARD"/>
    <property name="SERVICE_ID" value="Jenkins"/>
    <property name="SystemRoot" value="C:\Windows"/>
    <property name="CommonProgramFiles" value="C:\Program Files (x86)\Common Files"/>
    <property name="java.vm.specification.vendor" value="Oracle Corporation"/>
    <property name="file.separator" value="\"/>
    <property name="JMETER_HOME" value="D:\wrok_tool\apache-jmeter-4.0"/>
    <property name="java.runtime.version" value="1.8.0_25-b18"/>
    <property name="ProgramFiles" value="C:\Program Files (x86)"/>
    <property name="sun.boot.class.path" value="C:\ProgramData\TestWriterEnvironment\Java\jdk1.8.0_25\jre\lib\resources.jar;C:\ProgramData\TestWriterEnvironment\Java\jdk1.8.0_25\jre\lib\rt.jar;C:\ProgramData\TestWriterEnvironment\Java\jdk1.8.0_25\jre\lib\sunrsasign.jar;C:\ProgramData\TestWriterEnvironment\Java\jdk1.8.0_25\jre\lib\jsse.jar;C:\ProgramData\TestWriterEnvironment\Java\jdk1.8.0_25\jre\lib\jce.jar;C:\ProgramData\TestWriterEnvironment\Java\jdk1.8.0_25\jre\lib\charsets.jar;C:\ProgramData\TestWriterEnvironment\Java\jdk1.8.0_25\jre\lib\jfr.jar;C:\ProgramData\TestWriterEnvironment\Java\jdk1.8.0_25\jre\classes"/>
    <property name="TOMCAT_HOME" value="D:\apache-tomcat-9.0.0.M17-windows-x64\apache-tomcat-9.0.0.M17\bin"/>
    <property name="PATH+JDK" value="C:\ProgramData\TestWriterEnvironment\Java\jdk1.8.0_25/bin"/>
    <property name="user.country" value="CN"/>
    <property name="POM_PACKAGING" value="jar"/>
    <property name="maven.home" value="D:\wrok_tool\apache-maven-3.5.4"/>
    <property name="JOB_BASE_NAME" value="test"/>
    <property name="HOME" value="D:\git\cui.pub"/>
    <property name="java.vendor" value="Oracle Corporation"/>
    <property name="POM_DISPLAYNAME" value="jmeter-maven-jenkins"/>
    <property name="java.specification.version" value="1.8"/>
    <property name="sun.arch.data.model" value="64"/>
    <property name="GIT_URL" value="https://github.com/Roy2sir/-.git"/>
  </properties>
  <testcase classname="automation.jmeter_maven_jenkins.AppTest" name="testApp" time="0.003"/>
</testsuite>